NumTP: 100, Hwidth: 2, BatchSize: 5, L2reg: 0.01, Seed 20,Train: 0.51783151546, Test: 8.05557584063
NumTP: 200, Hwidth: 2, BatchSize: 5, L2reg: 0.01, Seed 20,Train: 0.944352049989, Test: 3.38514421813
NumTP: 300, Hwidth: 2, BatchSize: 5, L2reg: 0.01, Seed 20,Train: 1.51900352915, Test: 3.55582961526
NumTP: 400, Hwidth: 2, BatchSize: 5, L2reg: 0.01, Seed 20,Train: 1.66188735178, Test: 2.64220072072
NumTP: 500, Hwidth: 2, BatchSize: 5, L2reg: 0.01, Seed 20,Train: 1.96882683127, Test: 2.990035346
NumTP: 1000, Hwidth: 2, BatchSize: 5, L2reg: 0.01, Seed 20,Train: 2.22081153639, Test: 2.69058957889
NumTP: 1500, Hwidth: 2, BatchSize: 5, L2reg: 0.01, Seed 20,Train: 2.35544132332, Test: 2.52822107838
NumTP: 2000, Hwidth: 2, BatchSize: 5, L2reg: 0.01, Seed 20,Train: 2.55342659472, Test: 2.50178979484
NumTP: 100, Hwidth: 5, BatchSize: 5, L2reg: 0.01, Seed 20,Train: 0.123238632506, Test: 5.18734312143
NumTP: 200, Hwidth: 5, BatchSize: 5, L2reg: 0.01, Seed 20,Train: 0.306213283855, Test: 5.47712266792
NumTP: 300, Hwidth: 5, BatchSize: 5, L2reg: 0.01, Seed 20,Train: 0.311494064326, Test: 3.4019070699
NumTP: 400, Hwidth: 5, BatchSize: 5, L2reg: 0.01, Seed 20,Train: 0.335909191538, Test: 2.87675110682
NumTP: 500, Hwidth: 5, BatchSize: 5, L2reg: 0.01, Seed 20,Train: 0.464776912573, Test: 2.30413064859
NumTP: 1000, Hwidth: 5, BatchSize: 5, L2reg: 0.01, Seed 20,Train: 0.960223801991, Test: 1.86695122285
NumTP: 1500, Hwidth: 5, BatchSize: 5, L2reg: 0.01, Seed 20,Train: 0.982803542984, Test: 1.62808202657
NumTP: 2000, Hwidth: 5, BatchSize: 5, L2reg: 0.01, Seed 20,Train: 1.02255681244, Test: 1.23433395458
NumTP: 100, Hwidth: 10, BatchSize: 5, L2reg: 0.01, Seed 20,Train: 0.21946168467, Test: 4.81033385421
NumTP: 200, Hwidth: 10, BatchSize: 5, L2reg: 0.01, Seed 20,Train: 0.0448452139593, Test: 3.15224254228
NumTP: 300, Hwidth: 10, BatchSize: 5, L2reg: 0.01, Seed 20,Train: 0.0818364317055, Test: 2.85241869902
NumTP: 400, Hwidth: 10, BatchSize: 5, L2reg: 0.01, Seed 20,Train: 0.051852252927, Test: 2.1470355944
NumTP: 500, Hwidth: 10, BatchSize: 5, L2reg: 0.01, Seed 20,Train: 0.0795517484364, Test: 2.04622814263
NumTP: 1000, Hwidth: 10, BatchSize: 5, L2reg: 0.01, Seed 20,Train: 0.207781940566, Test: 0.750558783944
NumTP: 1500, Hwidth: 10, BatchSize: 5, L2reg: 0.01, Seed 20,Train: 0.231485966548, Test: 0.543443000765
NumTP: 2000, Hwidth: 10, BatchSize: 5, L2reg: 0.01, Seed 20,Train: 0.438421964705, Test: 0.73859885574
NumTP: 100, Hwidth: 20, BatchSize: 5, L2reg: 0.01, Seed 20,Train: 0.109472911078, Test: 3.68155796364
NumTP: 200, Hwidth: 20, BatchSize: 5, L2reg: 0.01, Seed 20,Train: 0.0712371092449, Test: 2.69533761871
NumTP: 300, Hwidth: 20, BatchSize: 5, L2reg: 0.01, Seed 20,Train: 0.0674689030262, Test: 2.07860528248
NumTP: 400, Hwidth: 20, BatchSize: 5, L2reg: 0.01, Seed 20,Train: 0.0410398062689, Test: 1.72048327233
NumTP: 500, Hwidth: 20, BatchSize: 5, L2reg: 0.01, Seed 20,Train: 0.0410996544653, Test: 1.49355061656
NumTP: 1000, Hwidth: 20, BatchSize: 5, L2reg: 0.01, Seed 20,Train: 0.0621949767497, Test: 0.507427735662
NumTP: 1500, Hwidth: 20, BatchSize: 5, L2reg: 0.01, Seed 20,Train: 0.0777652014803, Test: 0.322055320721
NumTP: 2000, Hwidth: 20, BatchSize: 5, L2reg: 0.01, Seed 20,Train: 0.0992737231298, Test: 0.303774434055
NumTP: 100, Hwidth: 2, BatchSize: 5, L2reg: 0.001, Seed 20,Train: 1.44874836484, Test: 8.21330416248
NumTP: 200, Hwidth: 2, BatchSize: 5, L2reg: 0.001, Seed 20,Train: 1.06342591922, Test: 4.89863744771
NumTP: 300, Hwidth: 2, BatchSize: 5, L2reg: 0.001, Seed 20,Train: 1.96401350935, Test: 4.00602767139
NumTP: 400, Hwidth: 2, BatchSize: 5, L2reg: 0.001, Seed 20,Train: 1.50179454726, Test: 2.80630147936
NumTP: 500, Hwidth: 2, BatchSize: 5, L2reg: 0.001, Seed 20,Train: 1.44688582744, Test: 2.38918405945
NumTP: 1000, Hwidth: 2, BatchSize: 5, L2reg: 0.001, Seed 20,Train: 1.62921094562, Test: 2.16416881714
NumTP: 1500, Hwidth: 2, BatchSize: 5, L2reg: 0.001, Seed 20,Train: 2.08329780375, Test: 2.57542529112
NumTP: 2000, Hwidth: 2, BatchSize: 5, L2reg: 0.001, Seed 20,Train: 2.27303799306, Test: 2.40022763646
NumTP: 100, Hwidth: 5, BatchSize: 5, L2reg: 0.001, Seed 20,Train: 0.417548587816, Test: 9.57330234437
NumTP: 200, Hwidth: 5, BatchSize: 5, L2reg: 0.001, Seed 20,Train: 0.205085877819, Test: 7.05694841685
NumTP: 300, Hwidth: 5, BatchSize: 5, L2reg: 0.001, Seed 20,Train: 0.158805247739, Test: 6.08050376383
NumTP: 400, Hwidth: 5, BatchSize: 5, L2reg: 0.001, Seed 20,Train: 0.288849168159, Test: 3.57003829021
NumTP: 500, Hwidth: 5, BatchSize: 5, L2reg: 0.001, Seed 20,Train: 0.416830220267, Test: 2.98882714992
NumTP: 1000, Hwidth: 5, BatchSize: 5, L2reg: 0.001, Seed 20,Train: 0.916297964107, Test: 2.18969490285
NumTP: 1500, Hwidth: 5, BatchSize: 5, L2reg: 0.001, Seed 20,Train: 0.695918589555, Test: 1.21819017611
NumTP: 2000, Hwidth: 5, BatchSize: 5, L2reg: 0.001, Seed 20,Train: 0.794569787935, Test: 1.05016177064
NumTP: 100, Hwidth: 10, BatchSize: 5, L2reg: 0.001, Seed 20,Train: 0.287727041608, Test: 5.46998206779
NumTP: 200, Hwidth: 10, BatchSize: 5, L2reg: 0.001, Seed 20,Train: 0.110009548842, Test: 4.44332282031
NumTP: 300, Hwidth: 10, BatchSize: 5, L2reg: 0.001, Seed 20,Train: 0.0927075931261, Test: 4.03132152378
NumTP: 400, Hwidth: 10, BatchSize: 5, L2reg: 0.001, Seed 20,Train: 0.065647460717, Test: 3.88073106217
NumTP: 500, Hwidth: 10, BatchSize: 5, L2reg: 0.001, Seed 20,Train: 0.0251915572585, Test: 3.33647472765
NumTP: 1000, Hwidth: 10, BatchSize: 5, L2reg: 0.001, Seed 20,Train: 0.0875206484273, Test: 0.682775416108
NumTP: 1500, Hwidth: 10, BatchSize: 5, L2reg: 0.001, Seed 20,Train: 0.134149785829, Test: 0.44852726667
NumTP: 2000, Hwidth: 10, BatchSize: 5, L2reg: 0.001, Seed 20,Train: 0.224438314345, Test: 0.471346290711
NumTP: 100, Hwidth: 20, BatchSize: 5, L2reg: 0.001, Seed 20,Train: 0.162303056341, Test: 4.29777105137
NumTP: 200, Hwidth: 20, BatchSize: 5, L2reg: 0.001, Seed 20,Train: 0.0438051800981, Test: 3.13671702537
NumTP: 300, Hwidth: 20, BatchSize: 5, L2reg: 0.001, Seed 20,Train: 0.00932652561657, Test: 2.46546116264
NumTP: 400, Hwidth: 20, BatchSize: 5, L2reg: 0.001, Seed 20,Train: 0.0188052643758, Test: 2.31828567034
NumTP: 500, Hwidth: 20, BatchSize: 5, L2reg: 0.001, Seed 20,Train: 0.0151489715584, Test: 2.15124941161
NumTP: 1000, Hwidth: 20, BatchSize: 5, L2reg: 0.001, Seed 20,Train: 0.0104036158631, Test: 0.604188412153
NumTP: 1500, Hwidth: 20, BatchSize: 5, L2reg: 0.001, Seed 20,Train: 0.0330665632994, Test: 0.399576299911
NumTP: 2000, Hwidth: 20, BatchSize: 5, L2reg: 0.001, Seed 20,Train: 0.0401679005384, Test: 0.248086961748
NumTP: 100, Hwidth: 2, BatchSize: 5, L2reg: 0.1, Seed 20,Train: 1.48024035724, Test: 3.86332896927
NumTP: 200, Hwidth: 2, BatchSize: 5, L2reg: 0.1, Seed 20,Train: 2.03773763544, Test: 2.76678189908
NumTP: 300, Hwidth: 2, BatchSize: 5, L2reg: 0.1, Seed 20,Train: 2.39705209334, Test: 2.64471557004
NumTP: 400, Hwidth: 2, BatchSize: 5, L2reg: 0.1, Seed 20,Train: 1.87153790102, Test: 2.3922097581
NumTP: 500, Hwidth: 2, BatchSize: 5, L2reg: 0.1, Seed 20,Train: 1.77200392702, Test: 2.22626662605
NumTP: 1000, Hwidth: 2, BatchSize: 5, L2reg: 0.1, Seed 20,Train: 2.02113191062, Test: 2.20200802703
NumTP: 1500, Hwidth: 2, BatchSize: 5, L2reg: 0.1, Seed 20,Train: 2.44204188063, Test: 2.41589056531
NumTP: 2000, Hwidth: 2, BatchSize: 5, L2reg: 0.1, Seed 20,Train: 2.72272073392, Test: 2.50163757659
NumTP: 100, Hwidth: 5, BatchSize: 5, L2reg: 0.1, Seed 20,Train: 0.517854453187, Test: 3.45744150909
NumTP: 200, Hwidth: 5, BatchSize: 5, L2reg: 0.1, Seed 20,Train: 0.973752348152, Test: 2.85211452328
NumTP: 300, Hwidth: 5, BatchSize: 5, L2reg: 0.1, Seed 20,Train: 1.16155431485, Test: 2.37788983991
NumTP: 400, Hwidth: 5, BatchSize: 5, L2reg: 0.1, Seed 20,Train: 1.65431048415, Test: 2.3288262251
NumTP: 500, Hwidth: 5, BatchSize: 5, L2reg: 0.1, Seed 20,Train: 1.48551923306, Test: 2.12160416822
NumTP: 1000, Hwidth: 5, BatchSize: 5, L2reg: 0.1, Seed 20,Train: 2.00319897922, Test: 2.17861054198
NumTP: 1500, Hwidth: 5, BatchSize: 5, L2reg: 0.1, Seed 20,Train: 2.16928068298, Test: 2.2369395489
NumTP: 2000, Hwidth: 5, BatchSize: 5, L2reg: 0.1, Seed 20,Train: 2.34814037834, Test: 2.24985615233
NumTP: 100, Hwidth: 10, BatchSize: 5, L2reg: 0.1, Seed 20,Train: 0.399713333223, Test: 3.10434003
NumTP: 200, Hwidth: 10, BatchSize: 5, L2reg: 0.1, Seed 20,Train: 0.769682879864, Test: 2.57981524389
NumTP: 300, Hwidth: 10, BatchSize: 5, L2reg: 0.1, Seed 20,Train: 1.03299765073, Test: 2.28104081273
NumTP: 400, Hwidth: 10, BatchSize: 5, L2reg: 0.1, Seed 20,Train: 1.30666488944, Test: 2.17318839154
NumTP: 500, Hwidth: 10, BatchSize: 5, L2reg: 0.1, Seed 20,Train: 1.36051719853, Test: 2.0185791599
NumTP: 1000, Hwidth: 10, BatchSize: 5, L2reg: 0.1, Seed 20,Train: 1.85073944967, Test: 2.06988371932
NumTP: 1500, Hwidth: 10, BatchSize: 5, L2reg: 0.1, Seed 20,Train: 2.16957131426, Test: 2.23704796834
NumTP: 2000, Hwidth: 10, BatchSize: 5, L2reg: 0.1, Seed 20,Train: 2.16276504305, Test: 2.08527463182
NumTP: 100, Hwidth: 20, BatchSize: 5, L2reg: 0.1, Seed 20,Train: 0.396762248276, Test: 2.99913165431
NumTP: 200, Hwidth: 20, BatchSize: 5, L2reg: 0.1, Seed 20,Train: 0.745124110308, Test: 2.53952237205
NumTP: 300, Hwidth: 20, BatchSize: 5, L2reg: 0.1, Seed 20,Train: 0.954620132274, Test: 2.17292833822
NumTP: 400, Hwidth: 20, BatchSize: 5, L2reg: 0.1, Seed 20,Train: 1.07643432733, Test: 2.03305212247
NumTP: 500, Hwidth: 20, BatchSize: 5, L2reg: 0.1, Seed 20,Train: 1.32710177884, Test: 1.96798836025
NumTP: 1000, Hwidth: 20, BatchSize: 5, L2reg: 0.1, Seed 20,Train: 1.76267104618, Test: 2.01641592254
NumTP: 1500, Hwidth: 20, BatchSize: 5, L2reg: 0.1, Seed 20,Train: 1.95456451646, Test: 2.08250256002
NumTP: 2000, Hwidth: 20, BatchSize: 5, L2reg: 0.1, Seed 20,Train: 2.10794902149, Test: 2.03800974291
